#
# There is insufficient memory for the Java Runtime Environment to continue.
# Native memory allocation (malloc) failed to allocate 1048576 bytes for AllocateHeap
# Possible reasons:
#   The system is out of physical RAM or swap space
#   In 32 bit mode, the process size limit was hit
# Possible solutions:
#   Reduce memory load on the system
#   Increase physical memory or swap space
#   Check if swap backing store is full
#   Use 64 bit Java on a 64 bit OS
#   Decrease Java heap size (-Xmx/-Xms)
#   Decrease number of Java threads
#   Decrease Java thread stack sizes (-Xss)
#   Set larger code cache with -XX:ReservedCodeCacheSize=
# This output file may be truncated or incomplete.
#
#  Out of Memory Error (memory/allocation.inline.hpp:61), pid=30796, tid=0x0000000000002fc4
#
# JRE version:  (8.0_181-b13) (build )
# Java VM: Java HotSpot(TM) 64-Bit Server VM (25.181-b13 mixed mode windows-amd64 compressed oops)
# Failed to write core dump. Minidumps are not enabled by default on client versions of Windows
#

---------------  T H R E A D  ---------------

Current thread (0x0000000002f33000):  JavaThread "Unknown thread" [_thread_in_vm, id=12228, stack(0x0000000002e30000,0x0000000002f30000)]

Stack: [0x0000000002e30000,0x0000000002f30000]
[error occurred during error reporting (printing stack bounds), id 0xc0000005]

Native frames: (J=compiled Java code, j=interpreted, Vv=VM code, C=native code)


---------------  P R O C E S S  ---------------

Java Threads: ( => current thread )

Other Threads:

=>0x0000000002f33000 (exited) JavaThread "Unknown thread" [_thread_in_vm, id=12228, stack(0x0000000002e30000,0x0000000002f30000)]

VM state:not at safepoint (normal execution)

VM Mutex/Monitor currently owned by a thread: None

Heap:
 PSYoungGen      total 76288K, used 1310K [0x000000076af00000, 0x0000000770400000, 0x00000007c0000000)
  eden space 65536K, 2% used [0x000000076af00000,0x000000076b047af0,0x000000076ef00000)
  from space 10752K, 0% used [0x000000076f980000,0x000000076f980000,0x0000000770400000)
  to   space 10752K, 0% used [0x000000076ef00000,0x000000076ef00000,0x000000076f980000)
 ParOldGen       total 175104K, used 0K [0x00000006c0c00000, 0x00000006cb700000, 0x000000076af00000)
  object space 175104K, 0% used [0x00000006c0c00000,0x00000006c0c00000,0x00000006cb700000)
 Metaspace       used 775K, capacity 4480K, committed 4480K, reserved 1056768K
  class space    used 76K, capacity 384K, committed 384K, reserved 1048576K

Card table byte_map: [0x00000000123f0000,0x0000000012bf0000] byte_map_base: 0x000000000edea000

Marking Bits: (ParMarkBitMap*) 0x0000000076fd2d00
 Begin Bits: [0x0000000013b50000, 0x0000000017b20000)
 End Bits:   [0x0000000017b20000, 0x000000001baf0000)

Polling page: 0x0000000001460000

CodeCache: size=245760Kb used=328Kb max_used=328Kb free=245431Kb
 bounds [0x0000000003030000, 0x00000000032a0000, 0x0000000012030000]
 total_blobs=58 nmethods=0 adapters=38
 compilation: enabled

Compilation events (0 events):
No events

GC Heap History (0 events):
No events

Deoptimization events (0 events):
No events

Classes redefined (0 events):
No events

Internal exceptions (0 events):
No events

Events (10 events):
Event: 0.923 loading class java/lang/Short
Event: 0.923 loading class java/lang/Short done
Event: 0.923 loading class java/lang/Integer
Event: 0.923 loading class java/lang/Integer done
Event: 0.923 loading class java/lang/Long
Event: 0.923 loading class java/lang/Long done
Event: 0.924 loading class java/lang/NullPointerException
Event: 0.924 loading class java/lang/NullPointerException done
Event: 0.924 loading class java/lang/ArithmeticException
Event: 0.924 loading class java/lang/ArithmeticException done


Dynamic libraries:
0x00007ff7274c0000 - 0x00007ff7274f7000 	C:\Program Files\Java\jdk1.8.0_181\bin\javaw.exe
0x00007ffc6b820000 - 0x00007ffc6ba10000 	C:\WINDOWS\SYSTEM32\ntdll.dll
0x00007ffc6af60000 - 0x00007ffc6b012000 	C:\WINDOWS\System32\KERNEL32.DLL
0x00007ffc68f80000 - 0x00007ffc69223000 	C:\WINDOWS\System32\KERNELBASE.dll
0x00007ffc6aeb0000 - 0x00007ffc6af53000 	C:\WINDOWS\System32\ADVAPI32.dll
0x00007ffc6a630000 - 0x00007ffc6a6ce000 	C:\WINDOWS\System32\msvcrt.dll
0x00007ffc6abd0000 - 0x00007ffc6ac67000 	C:\WINDOWS\System32\sechost.dll
0x00007ffc6a3e0000 - 0x00007ffc6a500000 	C:\WINDOWS\System32\RPCRT4.dll
0x00007ffc6a240000 - 0x00007ffc6a3d4000 	C:\WINDOWS\System32\USER32.dll
0x00007ffc68f50000 - 0x00007ffc68f71000 	C:\WINDOWS\System32\win32u.dll
0x00007ffc6a5f0000 - 0x00007ffc6a616000 	C:\WINDOWS\System32\GDI32.dll
0x00007ffc69230000 - 0x00007ffc693c4000 	C:\WINDOWS\System32\gdi32full.dll
0x00007ffc697d0000 - 0x00007ffc6986e000 	C:\WINDOWS\System32\msvcp_win.dll
0x00007ffc69480000 - 0x00007ffc6957a000 	C:\WINDOWS\System32\ucrtbase.dll
0x00007ffc59ce0000 - 0x00007ffc59f65000 	C:\WINDOWS\WinSxS\amd64_microsoft.windows.common-controls_6595b64144ccf1df_6.0.18362.720_none_e6beb5c51314836b\COMCTL32.dll
0x00007ffc69f00000 - 0x00007ffc6a236000 	C:\WINDOWS\System32\combase.dll
0x00007ffc69600000 - 0x00007ffc69680000 	C:\WINDOWS\System32\bcryptPrimitives.dll
0x00007ffc6aa40000 - 0x00007ffc6aa6e000 	C:\WINDOWS\System32\IMM32.DLL
0x0000000050400000 - 0x00000000504d2000 	C:\Program Files\Java\jdk1.8.0_181\jre\bin\msvcr100.dll
0x00000000767b0000 - 0x0000000077052000 	C:\Program Files\Java\jdk1.8.0_181\jre\bin\server\jvm.dll
0x00007ffc6a5e0000 - 0x00007ffc6a5e8000 	C:\WINDOWS\System32\PSAPI.DLL
0x00007ffc60d00000 - 0x00007ffc60d0a000 	C:\WINDOWS\SYSTEM32\VERSION.dll
0x00007ffc4c3a0000 - 0x00007ffc4c3a9000 	C:\WINDOWS\SYSTEM32\WSOCK32.dll
0x00007ffc65090000 - 0x00007ffc650b4000 	C:\WINDOWS\SYSTEM32\WINMM.dll
0x00007ffc6a9d0000 - 0x00007ffc6aa3f000 	C:\WINDOWS\System32\WS2_32.dll
0x00007ffc65060000 - 0x00007ffc6508d000 	C:\WINDOWS\SYSTEM32\WINMMBASE.dll
0x00007ffc69580000 - 0x00007ffc695ca000 	C:\WINDOWS\System32\cfgmgr32.dll
0x00000000520c0000 - 0x00000000520cf000 	C:\Program Files\Java\jdk1.8.0_181\jre\bin\verify.dll
0x0000000052090000 - 0x00000000520b9000 	C:\Program Files\Java\jdk1.8.0_181\jre\bin\java.dll
0x0000000051c10000 - 0x0000000051c26000 	C:\Program Files\Java\jdk1.8.0_181\jre\bin\zip.dll

VM Arguments:
jvm_args: -Dfile.encoding=Cp1252 
java_command: JDBCDataBaseConnect
java_class_path (initial): C:\Program Files\Java\jdk1.8.0_181\jre\lib\resources.jar;C:\Program Files\Java\jdk1.8.0_181\jre\lib\rt.jar;C:\Program Files\Java\jdk1.8.0_181\jre\lib\jsse.jar;C:\Program Files\Java\jdk1.8.0_181\jre\lib\jce.jar;C:\Program Files\Java\jdk1.8.0_181\jre\lib\charsets.jar;C:\Program Files\Java\jdk1.8.0_181\jre\lib\jfr.jar;C:\Program Files\Java\jdk1.8.0_181\jre\lib\ext\access-bridge-64.jar;C:\Program Files\Java\jdk1.8.0_181\jre\lib\ext\cldrdata.jar;C:\Program Files\Java\jdk1.8.0_181\jre\lib\ext\dnsns.jar;C:\Program Files\Java\jdk1.8.0_181\jre\lib\ext\jaccess.jar;C:\Program Files\Java\jdk1.8.0_181\jre\lib\ext\jfxrt.jar;C:\Program Files\Java\jdk1.8.0_181\jre\lib\ext\localedata.jar;C:\Program Files\Java\jdk1.8.0_181\jre\lib\ext\nashorn.jar;C:\Program Files\Java\jdk1.8.0_181\jre\lib\ext\sunec.jar;C:\Program Files\Java\jdk1.8.0_181\jre\lib\ext\sunjce_provider.jar;C:\Program Files\Java\jdk1.8.0_181\jre\lib\ext\sunmscapi.jar;C:\Program Files\Java\jdk1.8.0_181\jre\lib\ext\sunpkcs11.jar;C:\Program Files\Java\jdk1.8.0_181\jre\lib\ext\zipfs.jar;C:\Users\kmper\eclipse-workspace\JDBC\bin;C:\Program Files\Microsoft JDBC DRIVER 8.2 for SQL Server\sqljdbc_8.2\enu\mssql-jdbc-8.2.0.jre8.jar
Launcher Type: SUN_STANDARD

Environment Variables:
JAVA_HOME=C:\Program Files\Java\jdk1.8.0_181
PATH=C:/Program Files/Java/jdk-14/bin/server;C:/Program Files/Java/jdk-14/bin;C:\Windows\system32;C:\Windows;C:\Windows\System32\Wbem;C:\Windows\System32\WindowsPowerShell\v1.0\;C:\Windows\System32\OpenSSH\;C:\Program Files (x86)\NVIDIA Corporation\PhysX\Common;C:\Program Files\Git\cmd;C:\Users\kmper\AppData\Roaming\Microsoft\Windows\Start Menu\Programs\Python 3.7;C:\Users\kmper\Desktop\PROTOC\bin;C:\Program Files\NVIDIA Corporation\NVIDIA NvDLISR;C:\WINDOWS\system32;C:\WINDOWS;C:\WINDOWS\System32\Wbem;C:\WINDOWS\System32\WindowsPowerShell\v1.0\;C:\WINDOWS\System32\OpenSSH\;C:\Program Files\Amazon\AWSCLI\bin\;C:\Program Files\PuTTY\;C:\Program Files\Microsoft SQL Server\Client SDK\ODBC\170\Tools\Binn\;C:\Program Files (x86)\Microsoft SQL Server\150\Tools\Binn\;C:\Program Files\Microsoft SQL Server\150\Tools\Binn\;C:\Program Files\Microsoft SQL Server\150\DTS\Binn\;C:\Program Files\Microsoft SQL Server\130\Tools\Binn\;C:\Program Files (x86)\Microsoft SQL Server\110\DTS\Binn\;C:\Program Files (x86)\Microsoft SQL Server\120\DTS\Binn\;C:\Program Files (x86)\Microsoft SQL Server\130\DTS\Binn\;C:\Program Files (x86)\Microsoft SQL Server\140\DTS\Binn\;C:\Program Files (x86)\Microsoft SQL Server\150\DTS\Binn\;C:\Program Files\dotnet\;C:\Program Files\Docker\Docker\resources\bin;C:\ProgramData\DockerDesktop\version-bin;?C:\Program Files\Microsoft JDBC DRIVER 8.2 for SQL Server\sqljdbc_8.2\enu\mssql-jdbc-8.2.0.jre8.jar;C:\Program Files\Microsoft JDBC DRIVER 8.2 for SQL Server\sqljdbc_8.2;C:\Program Files\Java\jre1.8.0_241;?C:\Program Files\Microsoft JDBC DRIVER 8.2 for SQL Server\sqljdbc_8.2\enu\mssql-jdbc-8.2.0.jre8.jar;C:\Users\kmper\eclipse\java-photon\eclipse;
USERNAME=kmper
OS=Windows_NT
PROCESSOR_IDENTIFIER=Intel64 Family 6 Model 158 Stepping 10, GenuineIntel



---------------  S Y S T E M  ---------------

OS: Windows 10.0 , 64 bit Build 18362 (10.0.18362.329)

CPU:total 12 (initial active 12) (6 cores per cpu, 2 threads per core) family 6 model 158 stepping 10, cmov, cx8, fxsr, mmx, sse, sse2, sse3, ssse3, sse4.1, sse4.2, popcnt, avx, avx2, aes, clmul, erms, rtm, 3dnowpref, lzcnt, ht, tsc, tscinvbit, bmi1, bmi2, adx

Memory: 4k page, physical 16724836k(4078352k free), swap 47170784k(5588k free)

vm_info: Java HotSpot(TM) 64-Bit Server VM (25.181-b13) for windows-amd64 JRE (1.8.0_181-b13), built on Jul  7 2018 04:01:33 by "java_re" with MS VC++ 10.0 (VS2010)

time: Thu Mar 19 14:09:31 2020
elapsed time: 0 seconds (0d 0h 0m 0s)

